[0409/181300.396:ERROR:process_reader_win.cc(151)] SuspendThread: Access is denied. (0x5)
[0409/181300.408:ERROR:process_reader_win.cc(123)] NtOpenThread: {Access Denied} A process has requested access to an object, but has not been granted those access rights. (0xc0000022)
[0409/181300.420:ERROR:exception_snapshot_win.cc(98)] thread ID 9592 not found in process
[0409/181300.508:ERROR:process_reader_win.cc(151)] SuspendThread: Access is denied. (0x5)
[0409/181300.508:ERROR:process_reader_win.cc(123)] NtOpenThread: {Access Denied} A process has requested access to an object, but has not been granted those access rights. (0xc0000022)
[0409/181300.508:ERROR:exception_snapshot_win.cc(98)] thread ID 3328 not found in process
[0409/181300.552:ERROR:process_reader_win.cc(151)] SuspendThread: Access is denied. (0x5)
[0409/181300.552:ERROR:process_reader_win.cc(151)] SuspendThread: Access is denied. (0x5)
[0409/181300.552:ERROR:process_reader_win.cc(151)] SuspendThread: Access is denied. (0x5)
[0409/181300.552:ERROR:process_reader_win.cc(151)] SuspendThread: Access is denied. (0x5)
[0409/181300.552:ERROR:process_reader_win.cc(151)] SuspendThread: Access is denied. (0x5)
[0409/181300.552:ERROR:process_reader_win.cc(151)] SuspendThread: Access is denied. (0x5)
[0409/181300.552:ERROR:process_reader_win.cc(151)] SuspendThread: Access is denied. (0x5)
[0409/181300.552:ERROR:process_reader_win.cc(151)] SuspendThread: Access is denied. (0x5)
[0409/181300.552:ERROR:process_reader_win.cc(151)] SuspendThread: Access is denied. (0x5)
[0409/181300.552:ERROR:process_reader_win.cc(151)] SuspendThread: Access is denied. (0x5)
[0409/181300.552:ERROR:process_reader_win.cc(151)] SuspendThread: Access is denied. (0x5)
[0409/181300.552:ERROR:process_reader_win.cc(151)] SuspendThread: Access is denied. (0x5)
[0409/181300.552:ERROR:process_reader_win.cc(151)] SuspendThread: Access is denied. (0x5)
[0409/181300.552:ERROR:process_reader_win.cc(123)] NtOpenThread: {Access Denied} A process has requested access to an object, but has not been granted those access rights. (0xc0000022)
[0409/181300.552:ERROR:exception_snapshot_win.cc(98)] thread ID 16304 not found in process
[0409/181300.568:ERROR:process_reader_win.cc(151)] SuspendThread: Access is denied. (0x5)
[0409/181300.568:ERROR:process_reader_win.cc(151)] SuspendThread: Access is denied. (0x5)
[0409/181300.568:ERROR:process_reader_win.cc(151)] SuspendThread: Access is denied. (0x5)
[0409/181300.568:ERROR:process_reader_win.cc(151)] SuspendThread: Access is denied. (0x5)
[0409/181300.568:ERROR:process_reader_win.cc(151)] SuspendThread: Access is denied. (0x5)
[0409/181300.568:ERROR:process_reader_win.cc(151)] SuspendThread: Access is denied. (0x5)
[0409/181300.568:ERROR:process_reader_win.cc(151)] SuspendThread: Access is denied. (0x5)
[0409/181300.568:ERROR:process_reader_win.cc(151)] SuspendThread: Access is denied. (0x5)
[0409/181300.568:ERROR:process_reader_win.cc(151)] SuspendThread: Access is denied. (0x5)
[0409/181300.568:ERROR:process_reader_win.cc(151)] SuspendThread: Access is denied. (0x5)
[0409/181300.568:ERROR:process_reader_win.cc(151)] SuspendThread: Access is denied. (0x5)
[0409/181300.568:ERROR:process_reader_win.cc(151)] SuspendThread: Access is denied. (0x5)
[0409/181300.568:ERROR:process_reader_win.cc(123)] NtOpenThread: {Access Denied} A process has requested access to an object, but has not been granted those access rights. (0xc0000022)
[0409/181300.568:ERROR:exception_snapshot_win.cc(98)] thread ID 11700 not found in process
[0814/102502.272:ERROR:process_reader_win.cc(123)] NtOpenThread: {Access Denied} A process has requested access to an object, but has not been granted those access rights. (0xc0000022)
[0814/102502.279:ERROR:process_reader_win.cc(123)] NtOpenThread: {Access Denied} A process has requested access to an object, but has not been granted those access rights. (0xc0000022)
[0814/102502.286:ERROR:process_reader_win.cc(123)] NtOpenThread: {Access Denied} A process has requested access to an object, but has not been granted those access rights. (0xc0000022)
[0814/102502.288:ERROR:exception_snapshot_win.cc(98)] thread ID 14880 not found in process
[0814/102502.288:ERROR:exception_snapshot_win.cc(98)] thread ID 19064 not found in process
[0814/102502.288:ERROR:exception_snapshot_win.cc(98)] thread ID 2880 not found in process
[0814/102502.295:ERROR:process_reader_win.cc(123)] NtOpenThread: {Access Denied} A process has requested access to an object, but has not been granted those access rights. (0xc0000022)
[0814/102502.295:ERROR:exception_snapshot_win.cc(98)] thread ID 16292 not found in process
[0814/102502.330:ERROR:process_reader_win.cc(123)] NtOpenThread: {Access Denied} A process has requested access to an object, but has not been granted those access rights. (0xc0000022)
[0814/102502.331:ERROR:exception_snapshot_win.cc(98)] thread ID 14836 not found in process
[0822/205942.900:ERROR:process_reader_win.cc(123)] NtOpenThread: {Access Denied} A process has requested access to an object, but has not been granted those access rights. (0xc0000022)
[0822/205942.900:ERROR:process_reader_win.cc(123)] NtOpenThread: {Access Denied} A process has requested access to an object, but has not been granted those access rights. (0xc0000022)
[0822/205942.931:ERROR:exception_snapshot_win.cc(98)] thread ID 3300 not found in process
[0822/205942.931:ERROR:exception_snapshot_win.cc(98)] thread ID 5772 not found in process
[1016/092825.321:ERROR:filesystem_win.cc(129)] GetFileAttributes C:\Users\me\AppData\Local\Google\Chrome\User Data\Crashpad\attachments\4cd274cd-ae95-4f44-94a8-3df307cdf779: The system cannot find the path specified. (0x3)
[1016/092825.509:ERROR:directory_reader_win.cc(43)] FindFirstFile: The system cannot find the path specified. (0x3)
[1017/093159.812:ERROR:directory_reader_win.cc(43)] FindFirstFile: The system cannot find the path specified. (0x3)
[1018/121629.470:ERROR:directory_reader_win.cc(43)] FindFirstFile: The system cannot find the path specified. (0x3)
[1019/092034.354:ERROR:directory_reader_win.cc(43)] FindFirstFile: The system cannot find the path specified. (0x3)
[1020/095459.816:ERROR:directory_reader_win.cc(43)] FindFirstFile: The system cannot find the path specified. (0x3)
[1021/093116.507:ERROR:directory_reader_win.cc(43)] FindFirstFile: The system cannot find the path specified. (0x3)
[1022/091012.710:ERROR:directory_reader_win.cc(43)] FindFirstFile: The system cannot find the path specified. (0x3)
[1024/111012.688:ERROR:directory_reader_win.cc(43)] FindFirstFile: The system cannot find the path specified. (0x3)
[1025/092614.537:ERROR:directory_reader_win.cc(43)] FindFirstFile: The system cannot find the path specified. (0x3)
[1026/100402.667:ERROR:directory_reader_win.cc(43)] FindFirstFile: The system cannot find the path specified. (0x3)
[1027/093508.636:ERROR:directory_reader_win.cc(43)] FindFirstFile: The system cannot find the path specified. (0x3)
[1027/120345.282:ERROR:directory_reader_win.cc(43)] FindFirstFile: The system cannot find the path specified. (0x3)
[1028/091505.286:ERROR:directory_reader_win.cc(43)] FindFirstFile: The system cannot find the path specified. (0x3)
[1102/091508.741:ERROR:directory_reader_win.cc(43)] FindFirstFile: The system cannot find the path specified. (0x3)
[1103/101831.143:ERROR:directory_reader_win.cc(43)] FindFirstFile: The system cannot find the path specified. (0x3)
[1104/094949.479:ERROR:directory_reader_win.cc(43)] FindFirstFile: The system cannot find the path specified. (0x3)
[1106/091633.979:ERROR:directory_reader_win.cc(43)] FindFirstFile: The system cannot find the path specified. (0x3)
[1107/114727.197:ERROR:directory_reader_win.cc(43)] FindFirstFile: The system cannot find the path specified. (0x3)
[1108/104744.407:ERROR:directory_reader_win.cc(43)] FindFirstFile: The system cannot find the path specified. (0x3)
[1109/093140.018:ERROR:directory_reader_win.cc(43)] FindFirstFile: The system cannot find the path specified. (0x3)
[1110/092214.512:ERROR:directory_reader_win.cc(43)] FindFirstFile: The system cannot find the path specified. (0x3)
[1112/092805.002:ERROR:directory_reader_win.cc(43)] FindFirstFile: The system cannot find the path specified. (0x3)
[1113/104530.178:ERROR:directory_reader_win.cc(43)] FindFirstFile: The system cannot find the path specified. (0x3)
[1113/104530.225:ERROR:filesystem_win.cc(129)] GetFileAttributes C:\Users\me\AppData\Local\Google\Chrome\User Data\Crashpad\attachments\13be3e51-7e3b-411a-9ad2-9a0439abc42c: The system cannot find the path specified. (0x3)
[1117/094228.682:ERROR:directory_reader_win.cc(43)] FindFirstFile: The system cannot find the path specified. (0x3)
[1118/091609.194:ERROR:directory_reader_win.cc(43)] FindFirstFile: The system cannot find the path specified. (0x3)
[1119/094417.116:ERROR:directory_reader_win.cc(43)] FindFirstFile: The system cannot find the path specified. (0x3)
[1120/093513.922:ERROR:directory_reader_win.cc(43)] FindFirstFile: The system cannot find the path specified. (0x3)
[1120/093513.946:ERROR:filesystem_win.cc(129)] GetFileAttributes C:\Users\me\AppData\Local\Google\Chrome\User Data\Crashpad\attachments\b89374ca-0b7d-4046-8482-a9c4183546fa: The system cannot find the path specified. (0x3)
[1121/105336.654:ERROR:directory_reader_win.cc(43)] FindFirstFile: The system cannot find the path specified. (0x3)
[1122/092206.393:ERROR:directory_reader_win.cc(43)] FindFirstFile: The system cannot find the path specified. (0x3)
[1124/100148.995:ERROR:directory_reader_win.cc(43)] FindFirstFile: The system cannot find the path specified. (0x3)
[1126/171728.659:ERROR:directory_reader_win.cc(43)] FindFirstFile: The system cannot find the path specified. (0x3)
[1127/093259.927:ERROR:directory_reader_win.cc(43)] FindFirstFile: The system cannot find the path specified. (0x3)
[1128/093833.673:ERROR:directory_reader_win.cc(43)] FindFirstFile: The system cannot find the path specified. (0x3)
[1129/094630.805:ERROR:directory_reader_win.cc(43)] FindFirstFile: The system cannot find the path specified. (0x3)
[1203/102945.747:ERROR:directory_reader_win.cc(43)] FindFirstFile: The system cannot find the path specified. (0x3)
[1203/165438.034:ERROR:directory_reader_win.cc(43)] FindFirstFile: The system cannot find the path specified. (0x3)
[1204/182217.635:ERROR:directory_reader_win.cc(43)] FindFirstFile: The system cannot find the path specified. (0x3)
[1205/091013.994:ERROR:directory_reader_win.cc(43)] FindFirstFile: The system cannot find the path specified. (0x3)
[1205/095521.047:ERROR:directory_reader_win.cc(43)] FindFirstFile: The system cannot find the path specified. (0x3)
[1206/175818.354:ERROR:directory_reader_win.cc(43)] FindFirstFile: The system cannot find the path specified. (0x3)
[1209/093939.013:ERROR:directory_reader_win.cc(43)] FindFirstFile: The system cannot find the path specified. (0x3)
[1209/103929.736:ERROR:process_reader_win.cc(123)] NtOpenThread: {Access Denied} A process has requested access to an object, but has not been granted those access rights. (0xc0000022)
[1209/103929.736:ERROR:exception_snapshot_win.cc(99)] thread ID 9412 not found in process
[1210/093237.645:ERROR:directory_reader_win.cc(43)] FindFirstFile: The system cannot find the path specified. (0x3)
[1210/104510.996:ERROR:directory_reader_win.cc(43)] FindFirstFile: The system cannot find the path specified. (0x3)
[1218/103157.040:ERROR:directory_reader_win.cc(43)] FindFirstFile: The system cannot find the path specified. (0x3)
